
Showing logs for build [32mcb-kubecd-environment-pr-187-17-j78sp-1[0m stage [32mfrom-build-pack[0m and container [32mstep-credential-initializer-hlrck[0m
{"level":"warn","ts":1584787080.4341552,"logger":"fallback-logger","caller":"logging/config.go:69","msg":"Fetch GitHub commit ID from kodata failed: \"ref: refs/heads/0.8.0-**-support-backwards-incompats\" is not a valid GitHub commit ID"}
{"level":"info","ts":1584787080.4360094,"logger":"fallback-logger","caller":"creds-init/main.go:40","msg":"Credentials initialized."}

Showing logs for build [32mcb-kubecd-environment-pr-187-17-j78sp-1[0m stage [32mfrom-build-pack[0m and container [32mstep-working-dir-initializer-ptsjz[0m
{"level":"warn","ts":1584787081.3446202,"logger":"fallback-logger","caller":"logging/config.go:69","msg":"Fetch GitHub commit ID from kodata failed: open /var/run/ko/HEAD: no such file or directory"}
{"level":"info","ts":1584787081.352899,"logger":"fallback-logger","caller":"bash/main.go:64","msg":"Successfully executed command \"sh -c mkdir -p /workspace/source\"; output "}

Showing logs for build [32mcb-kubecd-environment-pr-187-17-j78sp-1[0m stage [32mfrom-build-pack[0m and container [32mstep-place-tools[0m

Showing logs for build [32mcb-kubecd-environment-pr-187-17-j78sp-1[0m stage [32mfrom-build-pack[0m and container [32mstep-git-source-cb-kubecd-environment-pr-187-17-j78sp-2kpns[0m
{"level":"warn","ts":1584787085.4843423,"logger":"fallback-logger","caller":"logging/config.go:69","msg":"Fetch GitHub commit ID from kodata failed: \"ref: refs/heads/0.8.0-**-support-backwards-incompats\" is not a valid GitHub commit ID"}
{"level":"info","ts":1584787086.5255058,"logger":"fallback-logger","caller":"git/git.go:103","msg":"Successfully cloned https://github.com/cb-kubecd/environment-pr-187-17-boot-gke-production.git @ master in path /workspace/source"}

Showing logs for build [32mcb-kubecd-environment-pr-187-17-j78sp-1[0m stage [32mfrom-build-pack[0m and container [32mstep-git-merge[0m
Using SHAs from PULL_REFS=master:eddb7d94594558e3b06b0894c6aa90cb1b1094af,1:e10d45f7d9c59e14799c915bd58532adc96ec973
DEBUG: LC_ALL=C JX_LOG_LEVEL=error git fetch origin --unshallow e10d45f7d9c59e14799c915bd58532adc96ec973: eddb7d94594558e3b06b0894c6aa90cb1b1094af:
DEBUG: ran git fetch --unshallow origin e10d45f7d9c59e14799c915bd58532adc96ec973: eddb7d94594558e3b06b0894c6aa90cb1b1094af: in 
DEBUG: LC_ALL=C JX_LOG_LEVEL=error git branch
DEBUG: LC_ALL=C JX_LOG_LEVEL=error git checkout master
DEBUG: ran git checkout master in 
DEBUG: LC_ALL=C JX_LOG_LEVEL=error git reset --hard eddb7d94594558e3b06b0894c6aa90cb1b1094af
DEBUG: ran git reset --hard eddb7d94594558e3b06b0894c6aa90cb1b1094af in 
DEBUG: LC_ALL=C JX_LOG_LEVEL=error git clean -fd .
DEBUG: ran clean --force -d . in 
DEBUG: LC_ALL=C JX_LOG_LEVEL=error git merge e10d45f7d9c59e14799c915bd58532adc96ec973
DEBUG: ran git merge e10d45f7d9c59e14799c915bd58532adc96ec973 in 
DEBUG: LC_ALL=C JX_LOG_LEVEL=error git log --format=%H%x1f%an%x1f%ae%x1f%cn%x1f%ce%x1f%s%n%b%x1e eddb7d94594558e3b06b0894c6aa90cb1b1094af..HEAD
Merged SHA e10d45f7d9c59e14799c915bd58532adc96ec973 with commit message 'chore: Promote bdd-spring-1584786280 to version 0.0.1' into base branch master

Showing logs for build [32mcb-kubecd-environment-pr-187-17-j78sp-1[0m stage [32mfrom-build-pack[0m and container [32mstep-build-helm-build[0m
WARNING: No $CHART_REPOSITORY defined so using the default value of: http://jenkins-x-chartmuseum:8080
Adding missing Helm repo: storage.googleapis.com https://storage.googleapis.com/chartmuseum.jenkins-x.io
WARNING: No secrets found on "helm/repos" due: reading the secret "helm/repos" from vault: no secret "helm/repos" not found in vault
Read credentials for https://storage.googleapis.com/chartmuseum.jenkins-x.io from vault helm/repos
Successfully added Helm repository storage.googleapis.com.
Adding missing Helm repo: jenkins-x-chartmuseum http://jenkins-x-chartmuseum:8080
WARNING: No secrets found on "helm/repos" due: reading the secret "helm/repos" from vault: no secret "helm/repos" not found in vault
Read credentials for http://jenkins-x-chartmuseum:8080 from vault helm/repos
Successfully added Helm repository jenkins-x-chartmuseum.
WARNING: No $CHART_REPOSITORY defined so using the default value of: http://jenkins-x-chartmuseum:8080
Adding missing Helm repo: chartmuseum.jenkins-x.io http://chartmuseum.jenkins-x.io
WARNING: No secrets found on "helm/repos" due: reading the secret "helm/repos" from vault: no secret "helm/repos" not found in vault
Read credentials for http://chartmuseum.jenkins-x.io from vault helm/repos
Successfully added Helm repository chartmuseum.jenkins-x.io.
